The system is: Linux - 6.1.10-200.fc37.x86_64 - x86_64
Compiling the C compiler identification source file "CMakeCCompilerId.c" succeeded.
Compiler: /usr/bin/cc 
Build flags: ;-ffunction-sections;-fdata-sections;-fPIC;-m64
Id flags:  

The output was:
0


Compilation of the C compiler identification source "CMakeCCompilerId.c" produced "a.out"

The C compiler identification is GNU, found in "/home/doeringc/workspace/rust/vulkan-rt/renderer/target/debug/build/expat-sys-9cb020c72adfc025/out/build/CMakeFiles/3.25.2/CompilerIdC/a.out"

Compiling the CXX compiler identification source file "CMakeCXXCompilerId.cpp" succeeded.
Compiler: /usr/bin/c++ 
Build flags: ;-ffunction-sections;-fdata-sections;-fPIC;-m64
Id flags:  

The output was:
0


Compilation of the CXX compiler identification source "CMakeCXXCompilerId.cpp" produced "a.out"

The CXX compiler identification is GNU, found in "/home/doeringc/workspace/rust/vulkan-rt/renderer/target/debug/build/expat-sys-9cb020c72adfc025/out/build/CMakeFiles/3.25.2/CompilerIdCXX/a.out"

Detecting C compiler ABI info compiled with the following output:
Change Dir: /home/doeringc/workspace/rust/vulkan-rt/renderer/target/debug/build/expat-sys-9cb020c72adfc025/out/build/CMakeFiles/CMakeScratch/TryCompile-m2APky

Run Build Command(s):/usr/bin/gmake -f Makefile cmTC_88c35/fast && /usr/bin/gmake  -f CMakeFiles/cmTC_88c35.dir/build.make CMakeFiles/cmTC_88c35.dir/build
gmake[1]: Entering directory '/home/doeringc/workspace/rust/vulkan-rt/renderer/target/debug/build/expat-sys-9cb020c72adfc025/out/build/CMakeFiles/CMakeScratch/TryCompile-m2APky'
Building C object CMakeFiles/cmTC_88c35.dir/CMakeCCompilerABI.c.o
/usr/bin/cc   -ffunction-sections -fdata-sections -fPIC -m64    -v -o CMakeFiles/cmTC_88c35.dir/CMakeCCompilerABI.c.o -c /usr/share/cmake/Modules/CMakeCCompilerABI.c
Using built-in specs.
COLLECT_GCC=/usr/bin/cc
OFFLOAD_TARGET_NAMES=nvptx-none
OFFLOAD_TARGET_DEFAULT=1
Target: x86_64-redhat-linux
Configured with: ../configure --enable-bootstrap --enable-languages=c,c++,fortran,objc,obj-c++,ada,go,d,lto --prefix=/usr --mandir=/usr/share/man --infodir=/usr/share/info --with-bugurl=http://bugzilla.redhat.com/bugzilla --enable-shared --enable-threads=posix --enable-checking=release --enable-multilib --with-system-zlib --enable-__cxa_atexit --disable-libunwind-exceptions --enable-gnu-unique-object --enable-linker-build-id --with-gcc-major-version-only --enable-libstdcxx-backtrace --with-linker-hash-style=gnu --enable-plugin --enable-initfini-array --with-isl=/builddir/build/BUILD/gcc-12.2.1-20221121/obj-x86_64-redhat-linux/isl-install --enable-offload-targets=nvptx-none --without-cuda-driver --enable-offload-defaulted --enable-gnu-indirect-function --enable-cet --with-tune=generic --with-arch_32=i686 --build=x86_64-redhat-linux --with-build-config=bootstrap-lto --enable-link-serialization=1
Thread model: posix
Supported LTO compression algorithms: zlib zstd
gcc version 12.2.1 20221121 (Red Hat 12.2.1-4) (GCC) 
COLLECT_GCC_OPTIONS='-ffunction-sections' '-fdata-sections' '-fPIC' '-m64' '-v' '-o' 'CMakeFiles/cmTC_88c35.dir/CMakeCCompilerABI.c.o' '-c' '-mtune=generic' '-march=x86-64' '-dumpdir' 'CMakeFiles/cmTC_88c35.dir/'
 /usr/libexec/gcc/x86_64-redhat-linux/12/cc1 -quiet -v /usr/share/cmake/Modules/CMakeCCompilerABI.c -quiet -dumpdir CMakeFiles/cmTC_88c35.dir/ -dumpbase CMakeCCompilerABI.c.c -dumpbase-ext .c -m64 -mtune=generic -march=x86-64 -version -ffunction-sections -fdata-sections -fPIC -o /tmp/ccIkic14.s
GNU C17 (GCC) version 12.2.1 20221121 (Red Hat 12.2.1-4) (x86_64-redhat-linux)
	compiled by GNU C version 12.2.1 20221121 (Red Hat 12.2.1-4), GMP version 6.2.1, MPFR version 4.1.0-p13, MPC version 1.2.1, isl version isl-0.24-GMP

GGC heuristics: --param ggc-min-expand=100 --param ggc-min-heapsize=131072
ignoring nonexistent directory "/usr/lib/gcc/x86_64-redhat-linux/12/include-fixed"
ignoring nonexistent directory "/usr/lib/gcc/x86_64-redhat-linux/12/../../../../x86_64-redhat-linux/include"
#include "..." search starts here:
#include <...> search starts here:
 /usr/lib/gcc/x86_64-redhat-linux/12/include
 /usr/local/include
 /usr/include
End of search list.
GNU C17 (GCC) version 12.2.1 20221121 (Red Hat 12.2.1-4) (x86_64-redhat-linux)
	compiled by GNU C version 12.2.1 20221121 (Red Hat 12.2.1-4), GMP version 6.2.1, MPFR version 4.1.0-p13, MPC version 1.2.1, isl version isl-0.24-GMP

GGC heuristics: --param ggc-min-expand=100 --param ggc-min-heapsize=131072
Compiler executable checksum: e7cfb398591188071efa3be810fe2962
COLLECT_GCC_OPTIONS='-ffunction-sections' '-fdata-sections' '-fPIC' '-m64' '-v' '-o' 'CMakeFiles/cmTC_88c35.dir/CMakeCCompilerABI.c.o' '-c' '-mtune=generic' '-march=x86-64' '-dumpdir' 'CMakeFiles/cmTC_88c35.dir/'
 as -v --64 -o CMakeFiles/cmTC_88c35.dir/CMakeCCompilerABI.c.o /tmp/ccIkic14.s
GNU assembler version 2.38 (x86_64-redhat-linux) using BFD version version 2.38-25.fc37
COMPILER_PATH=/usr/libexec/gcc/x86_64-redhat-linux/12/:/usr/libexec/gcc/x86_64-redhat-linux/12/:/usr/libexec/gcc/x86_64-redhat-linux/:/usr/lib/gcc/x86_64-redhat-linux/12/:/usr/lib/gcc/x86_64-redhat-linux/
LIBRARY_PATH=/usr/lib/gcc/x86_64-redhat-linux/12/:/usr/lib/gcc/x86_64-redhat-linux/12/../../../../lib64/:/lib/../lib64/:/usr/lib/../lib64/:/usr/lib/gcc/x86_64-redhat-linux/12/../../../:/lib/:/usr/lib/
COLLECT_GCC_OPTIONS='-ffunction-sections' '-fdata-sections' '-fPIC' '-m64' '-v' '-o' 'CMakeFiles/cmTC_88c35.dir/CMakeCCompilerABI.c.o' '-c' '-mtune=generic' '-march=x86-64' '-dumpdir' 'CMakeFiles/cmTC_88c35.dir/CMakeCCompilerABI.c.'
Linking C executable cmTC_88c35
/usr/bin/cmake -E cmake_link_script CMakeFiles/cmTC_88c35.dir/link.txt --verbose=1
/usr/bin/cc  -ffunction-sections -fdata-sections -fPIC -m64   -v -rdynamic CMakeFiles/cmTC_88c35.dir/CMakeCCompilerABI.c.o -o cmTC_88c35 
Using built-in specs.
COLLECT_GCC=/usr/bin/cc
COLLECT_LTO_WRAPPER=/usr/libexec/gcc/x86_64-redhat-linux/12/lto-wrapper
OFFLOAD_TARGET_NAMES=nvptx-none
OFFLOAD_TARGET_DEFAULT=1
Target: x86_64-redhat-linux
Configured with: ../configure --enable-bootstrap --enable-languages=c,c++,fortran,objc,obj-c++,ada,go,d,lto --prefix=/usr --mandir=/usr/share/man --infodir=/usr/share/info --with-bugurl=http://bugzilla.redhat.com/bugzilla --enable-shared --enable-threads=posix --enable-checking=release --enable-multilib --with-system-zlib --enable-__cxa_atexit --disable-libunwind-exceptions --enable-gnu-unique-object --enable-linker-build-id --with-gcc-major-version-only --enable-libstdcxx-backtrace --with-linker-hash-style=gnu --enable-plugin --enable-initfini-array --with-isl=/builddir/build/BUILD/gcc-12.2.1-20221121/obj-x86_64-redhat-linux/isl-install --enable-offload-targets=nvptx-none --without-cuda-driver --enable-offload-defaulted --enable-gnu-indirect-function --enable-cet --with-tune=generic --with-arch_32=i686 --build=x86_64-redhat-linux --with-build-config=bootstrap-lto --enable-link-serialization=1
Thread model: posix
Supported LTO compression algorithms: zlib zstd
gcc version 12.2.1 20221121 (Red Hat 12.2.1-4) (GCC) 
COMPILER_PATH=/usr/libexec/gcc/x86_64-redhat-linux/12/:/usr/libexec/gcc/x86_64-redhat-linux/12/:/usr/libexec/gcc/x86_64-redhat-linux/:/usr/lib/gcc/x86_64-redhat-linux/12/:/usr/lib/gcc/x86_64-redhat-linux/
LIBRARY_PATH=/usr/lib/gcc/x86_64-redhat-linux/12/:/usr/lib/gcc/x86_64-redhat-linux/12/../../../../lib64/:/lib/../lib64/:/usr/lib/../lib64/:/usr/lib/gcc/x86_64-redhat-linux/12/../../../:/lib/:/usr/lib/
COLLECT_GCC_OPTIONS='-ffunction-sections' '-fdata-sections' '-fPIC' '-m64' '-v' '-rdynamic' '-o' 'cmTC_88c35' '-mtune=generic' '-march=x86-64' '-dumpdir' 'cmTC_88c35.'
 /usr/libexec/gcc/x86_64-redhat-linux/12/collect2 -plugin /usr/libexec/gcc/x86_64-redhat-linux/12/liblto_plugin.so -plugin-opt=/usr/libexec/gcc/x86_64-redhat-linux/12/lto-wrapper -plugin-opt=-fresolution=/tmp/ccarAqND.res -plugin-opt=-pass-through=-lgcc -plugin-opt=-pass-through=-lgcc_s -plugin-opt=-pass-through=-lc -plugin-opt=-pass-through=-lgcc -plugin-opt=-pass-through=-lgcc_s --build-id --no-add-needed --eh-frame-hdr --hash-style=gnu -m elf_x86_64 -export-dynamic -dynamic-linker /lib64/ld-linux-x86-64.so.2 -o cmTC_88c35 /usr/lib/gcc/x86_64-redhat-linux/12/../../../../lib64/crt1.o /usr/lib/gcc/x86_64-redhat-linux/12/../../../../lib64/crti.o /usr/lib/gcc/x86_64-redhat-linux/12/crtbegin.o -L/usr/lib/gcc/x86_64-redhat-linux/12 -L/usr/lib/gcc/x86_64-redhat-linux/12/../../../../lib64 -L/lib/../lib64 -L/usr/lib/../lib64 -L/usr/lib/gcc/x86_64-redhat-linux/12/../../.. CMakeFiles/cmTC_88c35.dir/CMakeCCompilerABI.c.o -lgcc --push-state --as-needed -lgcc_s --pop-state -lc -lgcc --push-state --as-needed -lgcc_s --pop-state /usr/lib/gcc/x86_64-redhat-linux/12/crtend.o /usr/lib/gcc/x86_64-redhat-linux/12/../../../../lib64/crtn.o
COLLECT_GCC_OPTIONS='-ffunction-sections' '-fdata-sections' '-fPIC' '-m64' '-v' '-rdynamic' '-o' 'cmTC_88c35' '-mtune=generic' '-march=x86-64' '-dumpdir' 'cmTC_88c35.'
gmake[1]: Leaving directory '/home/doeringc/workspace/rust/vulkan-rt/renderer/target/debug/build/expat-sys-9cb020c72adfc025/out/build/CMakeFiles/CMakeScratch/TryCompile-m2APky'



Parsed C implicit include dir info from above output: rv=done
  found start of include info
  found start of implicit include info
    add: [/usr/lib/gcc/x86_64-redhat-linux/12/include]
    add: [/usr/local/include]
    add: [/usr/include]
  end of search list found
  collapse include dir [/usr/lib/gcc/x86_64-redhat-linux/12/include] ==> [/usr/lib/gcc/x86_64-redhat-linux/12/include]
  collapse include dir [/usr/local/include] ==> [/usr/local/include]
  collapse include dir [/usr/include] ==> [/usr/include]
  implicit include dirs: [/usr/lib/gcc/x86_64-redhat-linux/12/include;/usr/local/include;/usr/include]


Parsed C implicit link information from above output:
  link line regex: [^( *|.*[/\])(ld|CMAKE_LINK_STARTFILE-NOTFOUND|([^/\]+-)?ld|collect2)[^/\]*( |$)]
  ignore line: [Change Dir: /home/doeringc/workspace/rust/vulkan-rt/renderer/target/debug/build/expat-sys-9cb020c72adfc025/out/build/CMakeFiles/CMakeScratch/TryCompile-m2APky]
  ignore line: []
  ignore line: [Run Build Command(s):/usr/bin/gmake -f Makefile cmTC_88c35/fast && /usr/bin/gmake  -f CMakeFiles/cmTC_88c35.dir/build.make CMakeFiles/cmTC_88c35.dir/build]
  ignore line: [gmake[1]: Entering directory '/home/doeringc/workspace/rust/vulkan-rt/renderer/target/debug/build/expat-sys-9cb020c72adfc025/out/build/CMakeFiles/CMakeScratch/TryCompile-m2APky']
  ignore line: [Building C object CMakeFiles/cmTC_88c35.dir/CMakeCCompilerABI.c.o]
  ignore line: [/usr/bin/cc   -ffunction-sections -fdata-sections -fPIC -m64    -v -o CMakeFiles/cmTC_88c35.dir/CMakeCCompilerABI.c.o -c /usr/share/cmake/Modules/CMakeCCompilerABI.c]
  ignore line: [Using built-in specs.]
  ignore line: [COLLECT_GCC=/usr/bin/cc]
  ignore line: [OFFLOAD_TARGET_NAMES=nvptx-none]
  ignore line: [OFFLOAD_TARGET_DEFAULT=1]
  ignore line: [Target: x86_64-redhat-linux]
  ignore line: [Configured with: ../configure --enable-bootstrap --enable-languages=c c++ fortran objc obj-c++ ada go d lto --prefix=/usr --mandir=/usr/share/man --infodir=/usr/share/info --with-bugurl=http://bugzilla.redhat.com/bugzilla --enable-shared --enable-threads=posix --enable-checking=release --enable-multilib --with-system-zlib --enable-__cxa_atexit --disable-libunwind-exceptions --enable-gnu-unique-object --enable-linker-build-id --with-gcc-major-version-only --enable-libstdcxx-backtrace --with-linker-hash-style=gnu --enable-plugin --enable-initfini-array --with-isl=/builddir/build/BUILD/gcc-12.2.1-20221121/obj-x86_64-redhat-linux/isl-install --enable-offload-targets=nvptx-none --without-cuda-driver --enable-offload-defaulted --enable-gnu-indirect-function --enable-cet --with-tune=generic --with-arch_32=i686 --build=x86_64-redhat-linux --with-build-config=bootstrap-lto --enable-link-serialization=1]
  ignore line: [Thread model: posix]
  ignore line: [Supported LTO compression algorithms: zlib zstd]
  ignore line: [gcc version 12.2.1 20221121 (Red Hat 12.2.1-4) (GCC) ]
  ignore line: [COLLECT_GCC_OPTIONS='-ffunction-sections' '-fdata-sections' '-fPIC' '-m64' '-v' '-o' 'CMakeFiles/cmTC_88c35.dir/CMakeCCompilerABI.c.o' '-c' '-mtune=generic' '-march=x86-64' '-dumpdir' 'CMakeFiles/cmTC_88c35.dir/']
  ignore line: [ /usr/libexec/gcc/x86_64-redhat-linux/12/cc1 -quiet -v /usr/share/cmake/Modules/CMakeCCompilerABI.c -quiet -dumpdir CMakeFiles/cmTC_88c35.dir/ -dumpbase CMakeCCompilerABI.c.c -dumpbase-ext .c -m64 -mtune=generic -march=x86-64 -version -ffunction-sections -fdata-sections -fPIC -o /tmp/ccIkic14.s]
  ignore line: [GNU C17 (GCC) version 12.2.1 20221121 (Red Hat 12.2.1-4) (x86_64-redhat-linux)]
  ignore line: [	compiled by GNU C version 12.2.1 20221121 (Red Hat 12.2.1-4)  GMP version 6.2.1  MPFR version 4.1.0-p13  MPC version 1.2.1  isl version isl-0.24-GMP]
  ignore line: []
  ignore line: [GGC heuristics: --param ggc-min-expand=100 --param ggc-min-heapsize=131072]
  ignore line: [ignoring nonexistent directory "/usr/lib/gcc/x86_64-redhat-linux/12/include-fixed"]
  ignore line: [ignoring nonexistent directory "/usr/lib/gcc/x86_64-redhat-linux/12/../../../../x86_64-redhat-linux/include"]
  ignore line: [#include "..." search starts here:]
  ignore line: [#include <...> search starts here:]
  ignore line: [ /usr/lib/gcc/x86_64-redhat-linux/12/include]
  ignore line: [ /usr/local/include]
  ignore line: [ /usr/include]
  ignore line: [End of search list.]
  ignore line: [GNU C17 (GCC) version 12.2.1 20221121 (Red Hat 12.2.1-4) (x86_64-redhat-linux)]
  ignore line: [	compiled by GNU C version 12.2.1 20221121 (Red Hat 12.2.1-4)  GMP version 6.2.1  MPFR version 4.1.0-p13  MPC version 1.2.1  isl version isl-0.24-GMP]
  ignore line: []
  ignore line: [GGC heuristics: --param ggc-min-expand=100 --param ggc-min-heapsize=131072]
  ignore line: [Compiler executable checksum: e7cfb398591188071efa3be810fe2962]
  ignore line: [COLLECT_GCC_OPTIONS='-ffunction-sections' '-fdata-sections' '-fPIC' '-m64' '-v' '-o' 'CMakeFiles/cmTC_88c35.dir/CMakeCCompilerABI.c.o' '-c' '-mtune=generic' '-march=x86-64' '-dumpdir' 'CMakeFiles/cmTC_88c35.dir/']
  ignore line: [ as -v --64 -o CMakeFiles/cmTC_88c35.dir/CMakeCCompilerABI.c.o /tmp/ccIkic14.s]
  ignore line: [GNU assembler version 2.38 (x86_64-redhat-linux) using BFD version version 2.38-25.fc37]
  ignore line: [COMPILER_PATH=/usr/libexec/gcc/x86_64-redhat-linux/12/:/usr/libexec/gcc/x86_64-redhat-linux/12/:/usr/libexec/gcc/x86_64-redhat-linux/:/usr/lib/gcc/x86_64-redhat-linux/12/:/usr/lib/gcc/x86_64-redhat-linux/]
  ignore line: [LIBRARY_PATH=/usr/lib/gcc/x86_64-redhat-linux/12/:/usr/lib/gcc/x86_64-redhat-linux/12/../../../../lib64/:/lib/../lib64/:/usr/lib/../lib64/:/usr/lib/gcc/x86_64-redhat-linux/12/../../../:/lib/:/usr/lib/]
  ignore line: [COLLECT_GCC_OPTIONS='-ffunction-sections' '-fdata-sections' '-fPIC' '-m64' '-v' '-o' 'CMakeFiles/cmTC_88c35.dir/CMakeCCompilerABI.c.o' '-c' '-mtune=generic' '-march=x86-64' '-dumpdir' 'CMakeFiles/cmTC_88c35.dir/CMakeCCompilerABI.c.']
  ignore line: [Linking C executable cmTC_88c35]
  ignore line: [/usr/bin/cmake -E cmake_link_script CMakeFiles/cmTC_88c35.dir/link.txt --verbose=1]
  ignore line: [/usr/bin/cc  -ffunction-sections -fdata-sections -fPIC -m64   -v -rdynamic CMakeFiles/cmTC_88c35.dir/CMakeCCompilerABI.c.o -o cmTC_88c35 ]
  ignore line: [Using built-in specs.]
  ignore line: [COLLECT_GCC=/usr/bin/cc]
  ignore line: [COLLECT_LTO_WRAPPER=/usr/libexec/gcc/x86_64-redhat-linux/12/lto-wrapper]
  ignore line: [OFFLOAD_TARGET_NAMES=nvptx-none]
  ignore line: [OFFLOAD_TARGET_DEFAULT=1]
  ignore line: [Target: x86_64-redhat-linux]
  ignore line: [Configured with: ../configure --enable-bootstrap --enable-languages=c c++ fortran objc obj-c++ ada go d lto --prefix=/usr --mandir=/usr/share/man --infodir=/usr/share/info --with-bugurl=http://bugzilla.redhat.com/bugzilla --enable-shared --enable-threads=posix --enable-checking=release --enable-multilib --with-system-zlib --enable-__cxa_atexit --disable-libunwind-exceptions --enable-gnu-unique-object --enable-linker-build-id --with-gcc-major-version-only --enable-libstdcxx-backtrace --with-linker-hash-style=gnu --enable-plugin --enable-initfini-array --with-isl=/builddir/build/BUILD/gcc-12.2.1-20221121/obj-x86_64-redhat-linux/isl-install --enable-offload-targets=nvptx-none --without-cuda-driver --enable-offload-defaulted --enable-gnu-indirect-function --enable-cet --with-tune=generic --with-arch_32=i686 --build=x86_64-redhat-linux --with-build-config=bootstrap-lto --enable-link-serialization=1]
  ignore line: [Thread model: posix]
  ignore line: [Supported LTO compression algorithms: zlib zstd]
  ignore line: [gcc version 12.2.1 20221121 (Red Hat 12.2.1-4) (GCC) ]
  ignore line: [COMPILER_PATH=/usr/libexec/gcc/x86_64-redhat-linux/12/:/usr/libexec/gcc/x86_64-redhat-linux/12/:/usr/libexec/gcc/x86_64-redhat-linux/:/usr/lib/gcc/x86_64-redhat-linux/12/:/usr/lib/gcc/x86_64-redhat-linux/]
  ignore line: [LIBRARY_PATH=/usr/lib/gcc/x86_64-redhat-linux/12/:/usr/lib/gcc/x86_64-redhat-linux/12/../../../../lib64/:/lib/../lib64/:/usr/lib/../lib64/:/usr/lib/gcc/x86_64-redhat-linux/12/../../../:/lib/:/usr/lib/]
  ignore line: [COLLECT_GCC_OPTIONS='-ffunction-sections' '-fdata-sections' '-fPIC' '-m64' '-v' '-rdynamic' '-o' 'cmTC_88c35' '-mtune=generic' '-march=x86-64' '-dumpdir' 'cmTC_88c35.']
  link line: [ /usr/libexec/gcc/x86_64-redhat-linux/12/collect2 -plugin /usr/libexec/gcc/x86_64-redhat-linux/12/liblto_plugin.so -plugin-opt=/usr/libexec/gcc/x86_64-redhat-linux/12/lto-wrapper -plugin-opt=-fresolution=/tmp/ccarAqND.res -plugin-opt=-pass-through=-lgcc -plugin-opt=-pass-through=-lgcc_s -plugin-opt=-pass-through=-lc -plugin-opt=-pass-through=-lgcc -plugin-opt=-pass-through=-lgcc_s --build-id --no-add-needed --eh-frame-hdr --hash-style=gnu -m elf_x86_64 -export-dynamic -dynamic-linker /lib64/ld-linux-x86-64.so.2 -o cmTC_88c35 /usr/lib/gcc/x86_64-redhat-linux/12/../../../../lib64/crt1.o /usr/lib/gcc/x86_64-redhat-linux/12/../../../../lib64/crti.o /usr/lib/gcc/x86_64-redhat-linux/12/crtbegin.o -L/usr/lib/gcc/x86_64-redhat-linux/12 -L/usr/lib/gcc/x86_64-redhat-linux/12/../../../../lib64 -L/lib/../lib64 -L/usr/lib/../lib64 -L/usr/lib/gcc/x86_64-redhat-linux/12/../../.. CMakeFiles/cmTC_88c35.dir/CMakeCCompilerABI.c.o -lgcc --push-state --as-needed -lgcc_s --pop-state -lc -lgcc --push-state --as-needed -lgcc_s --pop-state /usr/lib/gcc/x86_64-redhat-linux/12/crtend.o /usr/lib/gcc/x86_64-redhat-linux/12/../../../../lib64/crtn.o]
    arg [/usr/libexec/gcc/x86_64-redhat-linux/12/collect2] ==> ignore
    arg [-plugin] ==> ignore
    arg [/usr/libexec/gcc/x86_64-redhat-linux/12/liblto_plugin.so] ==> ignore
    arg [-plugin-opt=/usr/libexec/gcc/x86_64-redhat-linux/12/lto-wrapper] ==> ignore
    arg [-plugin-opt=-fresolution=/tmp/ccarAqND.res] ==> ignore
    arg [-plugin-opt=-pass-through=-lgcc] ==> ignore
    arg [-plugin-opt=-pass-through=-lgcc_s] ==> ignore
    arg [-plugin-opt=-pass-through=-lc] ==> ignore
    arg [-plugin-opt=-pass-through=-lgcc] ==> ignore
    arg [-plugin-opt=-pass-through=-lgcc_s] ==> ignore
    arg [--build-id] ==> ignore
    arg [--no-add-needed] ==> ignore
    arg [--eh-frame-hdr] ==> ignore
    arg [--hash-style=gnu] ==> ignore
    arg [-m] ==> ignore
    arg [elf_x86_64] ==> ignore
    arg [-export-dynamic] ==> ignore
    arg [-dynamic-linker] ==> ignore
    arg [/lib64/ld-linux-x86-64.so.2] ==> ignore
    arg [-o] ==> ignore
    arg [cmTC_88c35] ==> ignore
    arg [/usr/lib/gcc/x86_64-redhat-linux/12/../../../../lib64/crt1.o] ==> obj [/usr/lib/gcc/x86_64-redhat-linux/12/../../../../lib64/crt1.o]
    arg [/usr/lib/gcc/x86_64-redhat-linux/12/../../../../lib64/crti.o] ==> obj [/usr/lib/gcc/x86_64-redhat-linux/12/../../../../lib64/crti.o]
    arg [/usr/lib/gcc/x86_64-redhat-linux/12/crtbegin.o] ==> obj [/usr/lib/gcc/x86_64-redhat-linux/12/crtbegin.o]
    arg [-L/usr/lib/gcc/x86_64-redhat-linux/12] ==> dir [/usr/lib/gcc/x86_64-redhat-linux/12]
    arg [-L/usr/lib/gcc/x86_64-redhat-linux/12/../../../../lib64] ==> dir [/usr/lib/gcc/x86_64-redhat-linux/12/../../../../lib64]
    arg [-L/lib/../lib64] ==> dir [/lib/../lib64]
    arg [-L/usr/lib/../lib64] ==> dir [/usr/lib/../lib64]
    arg [-L/usr/lib/gcc/x86_64-redhat-linux/12/../../..] ==> dir [/usr/lib/gcc/x86_64-redhat-linux/12/../../..]
    arg [CMakeFiles/cmTC_88c35.dir/CMakeCCompilerABI.c.o] ==> ignore
    arg [-lgcc] ==> lib [gcc]
    arg [--push-state] ==> ignore
    arg [--as-needed] ==> ignore
    arg [-lgcc_s] ==> lib [gcc_s]
    arg [--pop-state] ==> ignore
    arg [-lc] ==> lib [c]
    arg [-lgcc] ==> lib [gcc]
    arg [--push-state] ==> ignore
    arg [--as-needed] ==> ignore
    arg [-lgcc_s] ==> lib [gcc_s]
    arg [--pop-state] ==> ignore
    arg [/usr/lib/gcc/x86_64-redhat-linux/12/crtend.o] ==> obj [/usr/lib/gcc/x86_64-redhat-linux/12/crtend.o]
    arg [/usr/lib/gcc/x86_64-redhat-linux/12/../../../../lib64/crtn.o] ==> obj [/usr/lib/gcc/x86_64-redhat-linux/12/../../../../lib64/crtn.o]
  collapse obj [/usr/lib/gcc/x86_64-redhat-linux/12/../../../../lib64/crt1.o] ==> [/usr/lib64/crt1.o]
  collapse obj [/usr/lib/gcc/x86_64-redhat-linux/12/../../../../lib64/crti.o] ==> [/usr/lib64/crti.o]
  collapse obj [/usr/lib/gcc/x86_64-redhat-linux/12/../../../../lib64/crtn.o] ==> [/usr/lib64/crtn.o]
  collapse library dir [/usr/lib/gcc/x86_64-redhat-linux/12] ==> [/usr/lib/gcc/x86_64-redhat-linux/12]
  collapse library dir [/usr/lib/gcc/x86_64-redhat-linux/12/../../../../lib64] ==> [/usr/lib64]
  collapse library dir [/lib/../lib64] ==> [/lib64]
  collapse library dir [/usr/lib/../lib64] ==> [/usr/lib64]
  collapse library dir [/usr/lib/gcc/x86_64-redhat-linux/12/../../..] ==> [/usr/lib]
  implicit libs: [gcc;gcc_s;c;gcc;gcc_s]
  implicit objs: [/usr/lib64/crt1.o;/usr/lib64/crti.o;/usr/lib/gcc/x86_64-redhat-linux/12/crtbegin.o;/usr/lib/gcc/x86_64-redhat-linux/12/crtend.o;/usr/lib64/crtn.o]
  implicit dirs: [/usr/lib/gcc/x86_64-redhat-linux/12;/usr/lib64;/lib64;/usr/lib]
  implicit fwks: []


Detecting CXX compiler ABI info compiled with the following output:
Change Dir: /home/doeringc/workspace/rust/vulkan-rt/renderer/target/debug/build/expat-sys-9cb020c72adfc025/out/build/CMakeFiles/CMakeScratch/TryCompile-IfAADP

Run Build Command(s):/usr/bin/gmake -f Makefile cmTC_0c65e/fast && /usr/bin/gmake  -f CMakeFiles/cmTC_0c65e.dir/build.make CMakeFiles/cmTC_0c65e.dir/build
gmake[1]: Entering directory '/home/doeringc/workspace/rust/vulkan-rt/renderer/target/debug/build/expat-sys-9cb020c72adfc025/out/build/CMakeFiles/CMakeScratch/TryCompile-IfAADP'
Building CXX object CMakeFiles/cmTC_0c65e.dir/CMakeCXXCompilerABI.cpp.o
/usr/bin/c++   -ffunction-sections -fdata-sections -fPIC -m64    -v -o CMakeFiles/cmTC_0c65e.dir/CMakeCXXCompilerABI.cpp.o -c /usr/share/cmake/Modules/CMakeCXXCompilerABI.cpp
Using built-in specs.
COLLECT_GCC=/usr/bin/c++
OFFLOAD_TARGET_NAMES=nvptx-none
OFFLOAD_TARGET_DEFAULT=1
Target: x86_64-redhat-linux
Configured with: ../configure --enable-bootstrap --enable-languages=c,c++,fortran,objc,obj-c++,ada,go,d,lto --prefix=/usr --mandir=/usr/share/man --infodir=/usr/share/info --with-bugurl=http://bugzilla.redhat.com/bugzilla --enable-shared --enable-threads=posix --enable-checking=release --enable-multilib --with-system-zlib --enable-__cxa_atexit --disable-libunwind-exceptions --enable-gnu-unique-object --enable-linker-build-id --with-gcc-major-version-only --enable-libstdcxx-backtrace --with-linker-hash-style=gnu --enable-plugin --enable-initfini-array --with-isl=/builddir/build/BUILD/gcc-12.2.1-20221121/obj-x86_64-redhat-linux/isl-install --enable-offload-targets=nvptx-none --without-cuda-driver --enable-offload-defaulted --enable-gnu-indirect-function --enable-cet --with-tune=generic --with-arch_32=i686 --build=x86_64-redhat-linux --with-build-config=bootstrap-lto --enable-link-serialization=1
Thread model: posix
Supported LTO compression algorithms: zlib zstd
gcc version 12.2.1 20221121 (Red Hat 12.2.1-4) (GCC) 
COLLECT_GCC_OPTIONS='-ffunction-sections' '-fdata-sections' '-fPIC' '-m64' '-v' '-o' 'CMakeFiles/cmTC_0c65e.dir/CMakeCXXCompilerABI.cpp.o' '-c' '-shared-libgcc' '-mtune=generic' '-march=x86-64' '-dumpdir' 'CMakeFiles/cmTC_0c65e.dir/'
 /usr/libexec/gcc/x86_64-redhat-linux/12/cc1plus -quiet -v -D_GNU_SOURCE /usr/share/cmake/Modules/CMakeCXXCompilerABI.cpp -quiet -dumpdir CMakeFiles/cmTC_0c65e.dir/ -dumpbase CMakeCXXCompilerABI.cpp.cpp -dumpbase-ext .cpp -m64 -mtune=generic -march=x86-64 -version -ffunction-sections -fdata-sections -fPIC -o /tmp/ccOKnPWJ.s
GNU C++17 (GCC) version 12.2.1 20221121 (Red Hat 12.2.1-4) (x86_64-redhat-linux)
	compiled by GNU C version 12.2.1 20221121 (Red Hat 12.2.1-4), GMP version 6.2.1, MPFR version 4.1.0-p13, MPC version 1.2.1, isl version isl-0.24-GMP

GGC heuristics: --param ggc-min-expand=100 --param ggc-min-heapsize=131072
ignoring nonexistent directory "/usr/lib/gcc/x86_64-redhat-linux/12/include-fixed"
ignoring nonexistent directory "/usr/lib/gcc/x86_64-redhat-linux/12/../../../../x86_64-redhat-linux/include"
#include "..." search starts here:
#include <...> search starts here:
 /usr/lib/gcc/x86_64-redhat-linux/12/../../../../include/c++/12
 /usr/lib/gcc/x86_64-redhat-linux/12/../../../../include/c++/12/x86_64-redhat-linux
 /usr/lib/gcc/x86_64-redhat-linux/12/../../../../include/c++/12/backward
 /usr/lib/gcc/x86_64-redhat-linux/12/include
 /usr/local/include
 /usr/include
End of search list.
GNU C++17 (GCC) version 12.2.1 20221121 (Red Hat 12.2.1-4) (x86_64-redhat-linux)
	compiled by GNU C version 12.2.1 20221121 (Red Hat 12.2.1-4), GMP version 6.2.1, MPFR version 4.1.0-p13, MPC version 1.2.1, isl version isl-0.24-GMP

GGC heuristics: --param ggc-min-expand=100 --param ggc-min-heapsize=131072
Compiler executable checksum: b80dcb4218100c8bed4b8384479def9a
COLLECT_GCC_OPTIONS='-ffunction-sections' '-fdata-sections' '-fPIC' '-m64' '-v' '-o' 'CMakeFiles/cmTC_0c65e.dir/CMakeCXXCompilerABI.cpp.o' '-c' '-shared-libgcc' '-mtune=generic' '-march=x86-64' '-dumpdir' 'CMakeFiles/cmTC_0c65e.dir/'
 as -v --64 -o CMakeFiles/cmTC_0c65e.dir/CMakeCXXCompilerABI.cpp.o /tmp/ccOKnPWJ.s
GNU assembler version 2.38 (x86_64-redhat-linux) using BFD version version 2.38-25.fc37
COMPILER_PATH=/usr/libexec/gcc/x86_64-redhat-linux/12/:/usr/libexec/gcc/x86_64-redhat-linux/12/:/usr/libexec/gcc/x86_64-redhat-linux/:/usr/lib/gcc/x86_64-redhat-linux/12/:/usr/lib/gcc/x86_64-redhat-linux/
LIBRARY_PATH=/usr/lib/gcc/x86_64-redhat-linux/12/:/usr/lib/gcc/x86_64-redhat-linux/12/../../../../lib64/:/lib/../lib64/:/usr/lib/../lib64/:/usr/lib/gcc/x86_64-redhat-linux/12/../../../:/lib/:/usr/lib/
COLLECT_GCC_OPTIONS='-ffunction-sections' '-fdata-sections' '-fPIC' '-m64' '-v' '-o' 'CMakeFiles/cmTC_0c65e.dir/CMakeCXXCompilerABI.cpp.o' '-c' '-shared-libgcc' '-mtune=generic' '-march=x86-64' '-dumpdir' 'CMakeFiles/cmTC_0c65e.dir/CMakeCXXCompilerABI.cpp.'
Linking CXX executable cmTC_0c65e
/usr/bin/cmake -E cmake_link_script CMakeFiles/cmTC_0c65e.dir/link.txt --verbose=1
/usr/bin/c++  -ffunction-sections -fdata-sections -fPIC -m64   -v -rdynamic CMakeFiles/cmTC_0c65e.dir/CMakeCXXCompilerABI.cpp.o -o cmTC_0c65e 
Using built-in specs.
COLLECT_GCC=/usr/bin/c++
COLLECT_LTO_WRAPPER=/usr/libexec/gcc/x86_64-redhat-linux/12/lto-wrapper
OFFLOAD_TARGET_NAMES=nvptx-none
OFFLOAD_TARGET_DEFAULT=1
Target: x86_64-redhat-linux
Configured with: ../configure --enable-bootstrap --enable-languages=c,c++,fortran,objc,obj-c++,ada,go,d,lto --prefix=/usr --mandir=/usr/share/man --infodir=/usr/share/info --with-bugurl=http://bugzilla.redhat.com/bugzilla --enable-shared --enable-threads=posix --enable-checking=release --enable-multilib --with-system-zlib --enable-__cxa_atexit --disable-libunwind-exceptions --enable-gnu-unique-object --enable-linker-build-id --with-gcc-major-version-only --enable-libstdcxx-backtrace --with-linker-hash-style=gnu --enable-plugin --enable-initfini-array --with-isl=/builddir/build/BUILD/gcc-12.2.1-20221121/obj-x86_64-redhat-linux/isl-install --enable-offload-targets=nvptx-none --without-cuda-driver --enable-offload-defaulted --enable-gnu-indirect-function --enable-cet --with-tune=generic --with-arch_32=i686 --build=x86_64-redhat-linux --with-build-config=bootstrap-lto --enable-link-serialization=1
Thread model: posix
Supported LTO compression algorithms: zlib zstd
gcc version 12.2.1 20221121 (Red Hat 12.2.1-4) (GCC) 
COMPILER_PATH=/usr/libexec/gcc/x86_64-redhat-linux/12/:/usr/libexec/gcc/x86_64-redhat-linux/12/:/usr/libexec/gcc/x86_64-redhat-linux/:/usr/lib/gcc/x86_64-redhat-linux/12/:/usr/lib/gcc/x86_64-redhat-linux/
LIBRARY_PATH=/usr/lib/gcc/x86_64-redhat-linux/12/:/usr/lib/gcc/x86_64-redhat-linux/12/../../../../lib64/:/lib/../lib64/:/usr/lib/../lib64/:/usr/lib/gcc/x86_64-redhat-linux/12/../../../:/lib/:/usr/lib/
COLLECT_GCC_OPTIONS='-ffunction-sections' '-fdata-sections' '-fPIC' '-m64' '-v' '-rdynamic' '-o' 'cmTC_0c65e' '-shared-libgcc' '-mtune=generic' '-march=x86-64' '-dumpdir' 'cmTC_0c65e.'
 /usr/libexec/gcc/x86_64-redhat-linux/12/collect2 -plugin /usr/libexec/gcc/x86_64-redhat-linux/12/liblto_plugin.so -plugin-opt=/usr/libexec/gcc/x86_64-redhat-linux/12/lto-wrapper -plugin-opt=-fresolution=/tmp/ccKtYpmy.res -plugin-opt=-pass-through=-lgcc_s -plugin-opt=-pass-through=-lgcc -plugin-opt=-pass-through=-lc -plugin-opt=-pass-through=-lgcc_s -plugin-opt=-pass-through=-lgcc --build-id --no-add-needed --eh-frame-hdr --hash-style=gnu -m elf_x86_64 -export-dynamic -dynamic-linker /lib64/ld-linux-x86-64.so.2 -o cmTC_0c65e /usr/lib/gcc/x86_64-redhat-linux/12/../../../../lib64/crt1.o /usr/lib/gcc/x86_64-redhat-linux/12/../../../../lib64/crti.o /usr/lib/gcc/x86_64-redhat-linux/12/crtbegin.o -L/usr/lib/gcc/x86_64-redhat-linux/12 -L/usr/lib/gcc/x86_64-redhat-linux/12/../../../../lib64 -L/lib/../lib64 -L/usr/lib/../lib64 -L/usr/lib/gcc/x86_64-redhat-linux/12/../../.. CMakeFiles/cmTC_0c65e.dir/CMakeCXXCompilerABI.cpp.o -lstdc++ -lm -lgcc_s -lgcc -lc -lgcc_s -lgcc /usr/lib/gcc/x86_64-redhat-linux/12/crtend.o /usr/lib/gcc/x86_64-redhat-linux/12/../../../../lib64/crtn.o
COLLECT_GCC_OPTIONS='-ffunction-sections' '-fdata-sections' '-fPIC' '-m64' '-v' '-rdynamic' '-o' 'cmTC_0c65e' '-shared-libgcc' '-mtune=generic' '-march=x86-64' '-dumpdir' 'cmTC_0c65e.'
gmake[1]: Leaving directory '/home/doeringc/workspace/rust/vulkan-rt/renderer/target/debug/build/expat-sys-9cb020c72adfc025/out/build/CMakeFiles/CMakeScratch/TryCompile-IfAADP'



Parsed CXX implicit include dir info from above output: rv=done
  found start of include info
  found start of implicit include info
    add: [/usr/lib/gcc/x86_64-redhat-linux/12/../../../../include/c++/12]
    add: [/usr/lib/gcc/x86_64-redhat-linux/12/../../../../include/c++/12/x86_64-redhat-linux]
    add: [/usr/lib/gcc/x86_64-redhat-linux/12/../../../../include/c++/12/backward]
    add: [/usr/lib/gcc/x86_64-redhat-linux/12/include]
    add: [/usr/local/include]
    add: [/usr/include]
  end of search list found
  collapse include dir [/usr/lib/gcc/x86_64-redhat-linux/12/../../../../include/c++/12] ==> [/usr/include/c++/12]
  collapse include dir [/usr/lib/gcc/x86_64-redhat-linux/12/../../../../include/c++/12/x86_64-redhat-linux] ==> [/usr/include/c++/12/x86_64-redhat-linux]
  collapse include dir [/usr/lib/gcc/x86_64-redhat-linux/12/../../../../include/c++/12/backward] ==> [/usr/include/c++/12/backward]
  collapse include dir [/usr/lib/gcc/x86_64-redhat-linux/12/include] ==> [/usr/lib/gcc/x86_64-redhat-linux/12/include]
  collapse include dir [/usr/local/include] ==> [/usr/local/include]
  collapse include dir [/usr/include] ==> [/usr/include]
  implicit include dirs: [/usr/include/c++/12;/usr/include/c++/12/x86_64-redhat-linux;/usr/include/c++/12/backward;/usr/lib/gcc/x86_64-redhat-linux/12/include;/usr/local/include;/usr/include]


Parsed CXX implicit link information from above output:
  link line regex: [^( *|.*[/\])(ld|CMAKE_LINK_STARTFILE-NOTFOUND|([^/\]+-)?ld|collect2)[^/\]*( |$)]
  ignore line: [Change Dir: /home/doeringc/workspace/rust/vulkan-rt/renderer/target/debug/build/expat-sys-9cb020c72adfc025/out/build/CMakeFiles/CMakeScratch/TryCompile-IfAADP]
  ignore line: []
  ignore line: [Run Build Command(s):/usr/bin/gmake -f Makefile cmTC_0c65e/fast && /usr/bin/gmake  -f CMakeFiles/cmTC_0c65e.dir/build.make CMakeFiles/cmTC_0c65e.dir/build]
  ignore line: [gmake[1]: Entering directory '/home/doeringc/workspace/rust/vulkan-rt/renderer/target/debug/build/expat-sys-9cb020c72adfc025/out/build/CMakeFiles/CMakeScratch/TryCompile-IfAADP']
  ignore line: [Building CXX object CMakeFiles/cmTC_0c65e.dir/CMakeCXXCompilerABI.cpp.o]
  ignore line: [/usr/bin/c++   -ffunction-sections -fdata-sections -fPIC -m64    -v -o CMakeFiles/cmTC_0c65e.dir/CMakeCXXCompilerABI.cpp.o -c /usr/share/cmake/Modules/CMakeCXXCompilerABI.cpp]
  ignore line: [Using built-in specs.]
  ignore line: [COLLECT_GCC=/usr/bin/c++]
  ignore line: [OFFLOAD_TARGET_NAMES=nvptx-none]
  ignore line: [OFFLOAD_TARGET_DEFAULT=1]
  ignore line: [Target: x86_64-redhat-linux]
  ignore line: [Configured with: ../configure --enable-bootstrap --enable-languages=c c++ fortran objc obj-c++ ada go d lto --prefix=/usr --mandir=/usr/share/man --infodir=/usr/share/info --with-bugurl=http://bugzilla.redhat.com/bugzilla --enable-shared --enable-threads=posix --enable-checking=release --enable-multilib --with-system-zlib --enable-__cxa_atexit --disable-libunwind-exceptions --enable-gnu-unique-object --enable-linker-build-id --with-gcc-major-version-only --enable-libstdcxx-backtrace --with-linker-hash-style=gnu --enable-plugin --enable-initfini-array --with-isl=/builddir/build/BUILD/gcc-12.2.1-20221121/obj-x86_64-redhat-linux/isl-install --enable-offload-targets=nvptx-none --without-cuda-driver --enable-offload-defaulted --enable-gnu-indirect-function --enable-cet --with-tune=generic --with-arch_32=i686 --build=x86_64-redhat-linux --with-build-config=bootstrap-lto --enable-link-serialization=1]
  ignore line: [Thread model: posix]
  ignore line: [Supported LTO compression algorithms: zlib zstd]
  ignore line: [gcc version 12.2.1 20221121 (Red Hat 12.2.1-4) (GCC) ]
  ignore line: [COLLECT_GCC_OPTIONS='-ffunction-sections' '-fdata-sections' '-fPIC' '-m64' '-v' '-o' 'CMakeFiles/cmTC_0c65e.dir/CMakeCXXCompilerABI.cpp.o' '-c' '-shared-libgcc' '-mtune=generic' '-march=x86-64' '-dumpdir' 'CMakeFiles/cmTC_0c65e.dir/']
  ignore line: [ /usr/libexec/gcc/x86_64-redhat-linux/12/cc1plus -quiet -v -D_GNU_SOURCE /usr/share/cmake/Modules/CMakeCXXCompilerABI.cpp -quiet -dumpdir CMakeFiles/cmTC_0c65e.dir/ -dumpbase CMakeCXXCompilerABI.cpp.cpp -dumpbase-ext .cpp -m64 -mtune=generic -march=x86-64 -version -ffunction-sections -fdata-sections -fPIC -o /tmp/ccOKnPWJ.s]
  ignore line: [GNU C++17 (GCC) version 12.2.1 20221121 (Red Hat 12.2.1-4) (x86_64-redhat-linux)]
  ignore line: [	compiled by GNU C version 12.2.1 20221121 (Red Hat 12.2.1-4)  GMP version 6.2.1  MPFR version 4.1.0-p13  MPC version 1.2.1  isl version isl-0.24-GMP]
  ignore line: []
  ignore line: [GGC heuristics: --param ggc-min-expand=100 --param ggc-min-heapsize=131072]
  ignore line: [ignoring nonexistent directory "/usr/lib/gcc/x86_64-redhat-linux/12/include-fixed"]
  ignore line: [ignoring nonexistent directory "/usr/lib/gcc/x86_64-redhat-linux/12/../../../../x86_64-redhat-linux/include"]
  ignore line: [#include "..." search starts here:]
  ignore line: [#include <...> search starts here:]
  ignore line: [ /usr/lib/gcc/x86_64-redhat-linux/12/../../../../include/c++/12]
  ignore line: [ /usr/lib/gcc/x86_64-redhat-linux/12/../../../../include/c++/12/x86_64-redhat-linux]
  ignore line: [ /usr/lib/gcc/x86_64-redhat-linux/12/../../../../include/c++/12/backward]
  ignore line: [ /usr/lib/gcc/x86_64-redhat-linux/12/include]
  ignore line: [ /usr/local/include]
  ignore line: [ /usr/include]
  ignore line: [End of search list.]
  ignore line: [GNU C++17 (GCC) version 12.2.1 20221121 (Red Hat 12.2.1-4) (x86_64-redhat-linux)]
  ignore line: [	compiled by GNU C version 12.2.1 20221121 (Red Hat 12.2.1-4)  GMP version 6.2.1  MPFR version 4.1.0-p13  MPC version 1.2.1  isl version isl-0.24-GMP]
  ignore line: []
  ignore line: [GGC heuristics: --param ggc-min-expand=100 --param ggc-min-heapsize=131072]
  ignore line: [Compiler executable checksum: b80dcb4218100c8bed4b8384479def9a]
  ignore line: [COLLECT_GCC_OPTIONS='-ffunction-sections' '-fdata-sections' '-fPIC' '-m64' '-v' '-o' 'CMakeFiles/cmTC_0c65e.dir/CMakeCXXCompilerABI.cpp.o' '-c' '-shared-libgcc' '-mtune=generic' '-march=x86-64' '-dumpdir' 'CMakeFiles/cmTC_0c65e.dir/']
  ignore line: [ as -v --64 -o CMakeFiles/cmTC_0c65e.dir/CMakeCXXCompilerABI.cpp.o /tmp/ccOKnPWJ.s]
  ignore line: [GNU assembler version 2.38 (x86_64-redhat-linux) using BFD version version 2.38-25.fc37]
  ignore line: [COMPILER_PATH=/usr/libexec/gcc/x86_64-redhat-linux/12/:/usr/libexec/gcc/x86_64-redhat-linux/12/:/usr/libexec/gcc/x86_64-redhat-linux/:/usr/lib/gcc/x86_64-redhat-linux/12/:/usr/lib/gcc/x86_64-redhat-linux/]
  ignore line: [LIBRARY_PATH=/usr/lib/gcc/x86_64-redhat-linux/12/:/usr/lib/gcc/x86_64-redhat-linux/12/../../../../lib64/:/lib/../lib64/:/usr/lib/../lib64/:/usr/lib/gcc/x86_64-redhat-linux/12/../../../:/lib/:/usr/lib/]
  ignore line: [COLLECT_GCC_OPTIONS='-ffunction-sections' '-fdata-sections' '-fPIC' '-m64' '-v' '-o' 'CMakeFiles/cmTC_0c65e.dir/CMakeCXXCompilerABI.cpp.o' '-c' '-shared-libgcc' '-mtune=generic' '-march=x86-64' '-dumpdir' 'CMakeFiles/cmTC_0c65e.dir/CMakeCXXCompilerABI.cpp.']
  ignore line: [Linking CXX executable cmTC_0c65e]
  ignore line: [/usr/bin/cmake -E cmake_link_script CMakeFiles/cmTC_0c65e.dir/link.txt --verbose=1]
  ignore line: [/usr/bin/c++  -ffunction-sections -fdata-sections -fPIC -m64   -v -rdynamic CMakeFiles/cmTC_0c65e.dir/CMakeCXXCompilerABI.cpp.o -o cmTC_0c65e ]
  ignore line: [Using built-in specs.]
  ignore line: [COLLECT_GCC=/usr/bin/c++]
  ignore line: [COLLECT_LTO_WRAPPER=/usr/libexec/gcc/x86_64-redhat-linux/12/lto-wrapper]
  ignore line: [OFFLOAD_TARGET_NAMES=nvptx-none]
  ignore line: [OFFLOAD_TARGET_DEFAULT=1]
  ignore line: [Target: x86_64-redhat-linux]
  ignore line: [Configured with: ../configure --enable-bootstrap --enable-languages=c c++ fortran objc obj-c++ ada go d lto --prefix=/usr --mandir=/usr/share/man --infodir=/usr/share/info --with-bugurl=http://bugzilla.redhat.com/bugzilla --enable-shared --enable-threads=posix --enable-checking=release --enable-multilib --with-system-zlib --enable-__cxa_atexit --disable-libunwind-exceptions --enable-gnu-unique-object --enable-linker-build-id --with-gcc-major-version-only --enable-libstdcxx-backtrace --with-linker-hash-style=gnu --enable-plugin --enable-initfini-array --with-isl=/builddir/build/BUILD/gcc-12.2.1-20221121/obj-x86_64-redhat-linux/isl-install --enable-offload-targets=nvptx-none --without-cuda-driver --enable-offload-defaulted --enable-gnu-indirect-function --enable-cet --with-tune=generic --with-arch_32=i686 --build=x86_64-redhat-linux --with-build-config=bootstrap-lto --enable-link-serialization=1]
  ignore line: [Thread model: posix]
  ignore line: [Supported LTO compression algorithms: zlib zstd]
  ignore line: [gcc version 12.2.1 20221121 (Red Hat 12.2.1-4) (GCC) ]
  ignore line: [COMPILER_PATH=/usr/libexec/gcc/x86_64-redhat-linux/12/:/usr/libexec/gcc/x86_64-redhat-linux/12/:/usr/libexec/gcc/x86_64-redhat-linux/:/usr/lib/gcc/x86_64-redhat-linux/12/:/usr/lib/gcc/x86_64-redhat-linux/]
  ignore line: [LIBRARY_PATH=/usr/lib/gcc/x86_64-redhat-linux/12/:/usr/lib/gcc/x86_64-redhat-linux/12/../../../../lib64/:/lib/../lib64/:/usr/lib/../lib64/:/usr/lib/gcc/x86_64-redhat-linux/12/../../../:/lib/:/usr/lib/]
  ignore line: [COLLECT_GCC_OPTIONS='-ffunction-sections' '-fdata-sections' '-fPIC' '-m64' '-v' '-rdynamic' '-o' 'cmTC_0c65e' '-shared-libgcc' '-mtune=generic' '-march=x86-64' '-dumpdir' 'cmTC_0c65e.']
  link line: [ /usr/libexec/gcc/x86_64-redhat-linux/12/collect2 -plugin /usr/libexec/gcc/x86_64-redhat-linux/12/liblto_plugin.so -plugin-opt=/usr/libexec/gcc/x86_64-redhat-linux/12/lto-wrapper -plugin-opt=-fresolution=/tmp/ccKtYpmy.res -plugin-opt=-pass-through=-lgcc_s -plugin-opt=-pass-through=-lgcc -plugin-opt=-pass-through=-lc -plugin-opt=-pass-through=-lgcc_s -plugin-opt=-pass-through=-lgcc --build-id --no-add-needed --eh-frame-hdr --hash-style=gnu -m elf_x86_64 -export-dynamic -dynamic-linker /lib64/ld-linux-x86-64.so.2 -o cmTC_0c65e /usr/lib/gcc/x86_64-redhat-linux/12/../../../../lib64/crt1.o /usr/lib/gcc/x86_64-redhat-linux/12/../../../../lib64/crti.o /usr/lib/gcc/x86_64-redhat-linux/12/crtbegin.o -L/usr/lib/gcc/x86_64-redhat-linux/12 -L/usr/lib/gcc/x86_64-redhat-linux/12/../../../../lib64 -L/lib/../lib64 -L/usr/lib/../lib64 -L/usr/lib/gcc/x86_64-redhat-linux/12/../../.. CMakeFiles/cmTC_0c65e.dir/CMakeCXXCompilerABI.cpp.o -lstdc++ -lm -lgcc_s -lgcc -lc -lgcc_s -lgcc /usr/lib/gcc/x86_64-redhat-linux/12/crtend.o /usr/lib/gcc/x86_64-redhat-linux/12/../../../../lib64/crtn.o]
    arg [/usr/libexec/gcc/x86_64-redhat-linux/12/collect2] ==> ignore
    arg [-plugin] ==> ignore
    arg [/usr/libexec/gcc/x86_64-redhat-linux/12/liblto_plugin.so] ==> ignore
    arg [-plugin-opt=/usr/libexec/gcc/x86_64-redhat-linux/12/lto-wrapper] ==> ignore
    arg [-plugin-opt=-fresolution=/tmp/ccKtYpmy.res] ==> ignore
    arg [-plugin-opt=-pass-through=-lgcc_s] ==> ignore
    arg [-plugin-opt=-pass-through=-lgcc] ==> ignore
    arg [-plugin-opt=-pass-through=-lc] ==> ignore
    arg [-plugin-opt=-pass-through=-lgcc_s] ==> ignore
    arg [-plugin-opt=-pass-through=-lgcc] ==> ignore
    arg [--build-id] ==> ignore
    arg [--no-add-needed] ==> ignore
    arg [--eh-frame-hdr] ==> ignore
    arg [--hash-style=gnu] ==> ignore
    arg [-m] ==> ignore
    arg [elf_x86_64] ==> ignore
    arg [-export-dynamic] ==> ignore
    arg [-dynamic-linker] ==> ignore
    arg [/lib64/ld-linux-x86-64.so.2] ==> ignore
    arg [-o] ==> ignore
    arg [cmTC_0c65e] ==> ignore
    arg [/usr/lib/gcc/x86_64-redhat-linux/12/../../../../lib64/crt1.o] ==> obj [/usr/lib/gcc/x86_64-redhat-linux/12/../../../../lib64/crt1.o]
    arg [/usr/lib/gcc/x86_64-redhat-linux/12/../../../../lib64/crti.o] ==> obj [/usr/lib/gcc/x86_64-redhat-linux/12/../../../../lib64/crti.o]
    arg [/usr/lib/gcc/x86_64-redhat-linux/12/crtbegin.o] ==> obj [/usr/lib/gcc/x86_64-redhat-linux/12/crtbegin.o]
    arg [-L/usr/lib/gcc/x86_64-redhat-linux/12] ==> dir [/usr/lib/gcc/x86_64-redhat-linux/12]
    arg [-L/usr/lib/gcc/x86_64-redhat-linux/12/../../../../lib64] ==> dir [/usr/lib/gcc/x86_64-redhat-linux/12/../../../../lib64]
    arg [-L/lib/../lib64] ==> dir [/lib/../lib64]
    arg [-L/usr/lib/../lib64] ==> dir [/usr/lib/../lib64]
    arg [-L/usr/lib/gcc/x86_64-redhat-linux/12/../../..] ==> dir [/usr/lib/gcc/x86_64-redhat-linux/12/../../..]
    arg [CMakeFiles/cmTC_0c65e.dir/CMakeCXXCompilerABI.cpp.o] ==> ignore
    arg [-lstdc++] ==> lib [stdc++]
    arg [-lm] ==> lib [m]
    arg [-lgcc_s] ==> lib [gcc_s]
    arg [-lgcc] ==> lib [gcc]
    arg [-lc] ==> lib [c]
    arg [-lgcc_s] ==> lib [gcc_s]
    arg [-lgcc] ==> lib [gcc]
    arg [/usr/lib/gcc/x86_64-redhat-linux/12/crtend.o] ==> obj [/usr/lib/gcc/x86_64-redhat-linux/12/crtend.o]
    arg [/usr/lib/gcc/x86_64-redhat-linux/12/../../../../lib64/crtn.o] ==> obj [/usr/lib/gcc/x86_64-redhat-linux/12/../../../../lib64/crtn.o]
  collapse obj [/usr/lib/gcc/x86_64-redhat-linux/12/../../../../lib64/crt1.o] ==> [/usr/lib64/crt1.o]
  collapse obj [/usr/lib/gcc/x86_64-redhat-linux/12/../../../../lib64/crti.o] ==> [/usr/lib64/crti.o]
  collapse obj [/usr/lib/gcc/x86_64-redhat-linux/12/../../../../lib64/crtn.o] ==> [/usr/lib64/crtn.o]
  collapse library dir [/usr/lib/gcc/x86_64-redhat-linux/12] ==> [/usr/lib/gcc/x86_64-redhat-linux/12]
  collapse library dir [/usr/lib/gcc/x86_64-redhat-linux/12/../../../../lib64] ==> [/usr/lib64]
  collapse library dir [/lib/../lib64] ==> [/lib64]
  collapse library dir [/usr/lib/../lib64] ==> [/usr/lib64]
  collapse library dir [/usr/lib/gcc/x86_64-redhat-linux/12/../../..] ==> [/usr/lib]
  implicit libs: [stdc++;m;gcc_s;gcc;c;gcc_s;gcc]
  implicit objs: [/usr/lib64/crt1.o;/usr/lib64/crti.o;/usr/lib/gcc/x86_64-redhat-linux/12/crtbegin.o;/usr/lib/gcc/x86_64-redhat-linux/12/crtend.o;/usr/lib64/crtn.o]
  implicit dirs: [/usr/lib/gcc/x86_64-redhat-linux/12;/usr/lib64;/lib64;/usr/lib]
  implicit fwks: []


Determining if the include file dlfcn.h exists passed with the following output:
Change Dir: /home/doeringc/workspace/rust/vulkan-rt/renderer/target/debug/build/expat-sys-9cb020c72adfc025/out/build/CMakeFiles/CMakeScratch/TryCompile-Uiqr7S

Run Build Command(s):/usr/bin/gmake -f Makefile cmTC_fa0a8/fast && /usr/bin/gmake  -f CMakeFiles/cmTC_fa0a8.dir/build.make CMakeFiles/cmTC_fa0a8.dir/build
gmake[1]: Entering directory '/home/doeringc/workspace/rust/vulkan-rt/renderer/target/debug/build/expat-sys-9cb020c72adfc025/out/build/CMakeFiles/CMakeScratch/TryCompile-Uiqr7S'
Building C object CMakeFiles/cmTC_fa0a8.dir/CheckIncludeFile.c.o
/usr/bin/cc   -ffunction-sections -fdata-sections -fPIC -m64  -o CMakeFiles/cmTC_fa0a8.dir/CheckIncludeFile.c.o -c /home/doeringc/workspace/rust/vulkan-rt/renderer/target/debug/build/expat-sys-9cb020c72adfc025/out/build/CMakeFiles/CMakeScratch/TryCompile-Uiqr7S/CheckIncludeFile.c
Linking C executable cmTC_fa0a8
/usr/bin/cmake -E cmake_link_script CMakeFiles/cmTC_fa0a8.dir/link.txt --verbose=1
/usr/bin/cc  -ffunction-sections -fdata-sections -fPIC -m64  -rdynamic CMakeFiles/cmTC_fa0a8.dir/CheckIncludeFile.c.o -o cmTC_fa0a8 
gmake[1]: Leaving directory '/home/doeringc/workspace/rust/vulkan-rt/renderer/target/debug/build/expat-sys-9cb020c72adfc025/out/build/CMakeFiles/CMakeScratch/TryCompile-Uiqr7S'



Determining if the include file fcntl.h exists passed with the following output:
Change Dir: /home/doeringc/workspace/rust/vulkan-rt/renderer/target/debug/build/expat-sys-9cb020c72adfc025/out/build/CMakeFiles/CMakeScratch/TryCompile-bArsnw

Run Build Command(s):/usr/bin/gmake -f Makefile cmTC_6cc77/fast && /usr/bin/gmake  -f CMakeFiles/cmTC_6cc77.dir/build.make CMakeFiles/cmTC_6cc77.dir/build
gmake[1]: Entering directory '/home/doeringc/workspace/rust/vulkan-rt/renderer/target/debug/build/expat-sys-9cb020c72adfc025/out/build/CMakeFiles/CMakeScratch/TryCompile-bArsnw'
Building C object CMakeFiles/cmTC_6cc77.dir/CheckIncludeFile.c.o
/usr/bin/cc   -ffunction-sections -fdata-sections -fPIC -m64  -o CMakeFiles/cmTC_6cc77.dir/CheckIncludeFile.c.o -c /home/doeringc/workspace/rust/vulkan-rt/renderer/target/debug/build/expat-sys-9cb020c72adfc025/out/build/CMakeFiles/CMakeScratch/TryCompile-bArsnw/CheckIncludeFile.c
Linking C executable cmTC_6cc77
/usr/bin/cmake -E cmake_link_script CMakeFiles/cmTC_6cc77.dir/link.txt --verbose=1
/usr/bin/cc  -ffunction-sections -fdata-sections -fPIC -m64  -rdynamic CMakeFiles/cmTC_6cc77.dir/CheckIncludeFile.c.o -o cmTC_6cc77 
gmake[1]: Leaving directory '/home/doeringc/workspace/rust/vulkan-rt/renderer/target/debug/build/expat-sys-9cb020c72adfc025/out/build/CMakeFiles/CMakeScratch/TryCompile-bArsnw'



Determining if the include file inttypes.h exists passed with the following output:
Change Dir: /home/doeringc/workspace/rust/vulkan-rt/renderer/target/debug/build/expat-sys-9cb020c72adfc025/out/build/CMakeFiles/CMakeScratch/TryCompile-uKbhVX

Run Build Command(s):/usr/bin/gmake -f Makefile cmTC_b2308/fast && /usr/bin/gmake  -f CMakeFiles/cmTC_b2308.dir/build.make CMakeFiles/cmTC_b2308.dir/build
gmake[1]: Entering directory '/home/doeringc/workspace/rust/vulkan-rt/renderer/target/debug/build/expat-sys-9cb020c72adfc025/out/build/CMakeFiles/CMakeScratch/TryCompile-uKbhVX'
Building C object CMakeFiles/cmTC_b2308.dir/CheckIncludeFile.c.o
/usr/bin/cc   -ffunction-sections -fdata-sections -fPIC -m64  -o CMakeFiles/cmTC_b2308.dir/CheckIncludeFile.c.o -c /home/doeringc/workspace/rust/vulkan-rt/renderer/target/debug/build/expat-sys-9cb020c72adfc025/out/build/CMakeFiles/CMakeScratch/TryCompile-uKbhVX/CheckIncludeFile.c
Linking C executable cmTC_b2308
/usr/bin/cmake -E cmake_link_script CMakeFiles/cmTC_b2308.dir/link.txt --verbose=1
/usr/bin/cc  -ffunction-sections -fdata-sections -fPIC -m64  -rdynamic CMakeFiles/cmTC_b2308.dir/CheckIncludeFile.c.o -o cmTC_b2308 
gmake[1]: Leaving directory '/home/doeringc/workspace/rust/vulkan-rt/renderer/target/debug/build/expat-sys-9cb020c72adfc025/out/build/CMakeFiles/CMakeScratch/TryCompile-uKbhVX'



Determining if the include file memory.h exists passed with the following output:
Change Dir: /home/doeringc/workspace/rust/vulkan-rt/renderer/target/debug/build/expat-sys-9cb020c72adfc025/out/build/CMakeFiles/CMakeScratch/TryCompile-8wR1HN

Run Build Command(s):/usr/bin/gmake -f Makefile cmTC_eaf8c/fast && /usr/bin/gmake  -f CMakeFiles/cmTC_eaf8c.dir/build.make CMakeFiles/cmTC_eaf8c.dir/build
gmake[1]: Entering directory '/home/doeringc/workspace/rust/vulkan-rt/renderer/target/debug/build/expat-sys-9cb020c72adfc025/out/build/CMakeFiles/CMakeScratch/TryCompile-8wR1HN'
Building C object CMakeFiles/cmTC_eaf8c.dir/CheckIncludeFile.c.o
/usr/bin/cc   -ffunction-sections -fdata-sections -fPIC -m64  -o CMakeFiles/cmTC_eaf8c.dir/CheckIncludeFile.c.o -c /home/doeringc/workspace/rust/vulkan-rt/renderer/target/debug/build/expat-sys-9cb020c72adfc025/out/build/CMakeFiles/CMakeScratch/TryCompile-8wR1HN/CheckIncludeFile.c
Linking C executable cmTC_eaf8c
/usr/bin/cmake -E cmake_link_script CMakeFiles/cmTC_eaf8c.dir/link.txt --verbose=1
/usr/bin/cc  -ffunction-sections -fdata-sections -fPIC -m64  -rdynamic CMakeFiles/cmTC_eaf8c.dir/CheckIncludeFile.c.o -o cmTC_eaf8c 
gmake[1]: Leaving directory '/home/doeringc/workspace/rust/vulkan-rt/renderer/target/debug/build/expat-sys-9cb020c72adfc025/out/build/CMakeFiles/CMakeScratch/TryCompile-8wR1HN'



Determining if the include file stdint.h exists passed with the following output:
Change Dir: /home/doeringc/workspace/rust/vulkan-rt/renderer/target/debug/build/expat-sys-9cb020c72adfc025/out/build/CMakeFiles/CMakeScratch/TryCompile-fqMLPG

Run Build Command(s):/usr/bin/gmake -f Makefile cmTC_529c5/fast && /usr/bin/gmake  -f CMakeFiles/cmTC_529c5.dir/build.make CMakeFiles/cmTC_529c5.dir/build
gmake[1]: Entering directory '/home/doeringc/workspace/rust/vulkan-rt/renderer/target/debug/build/expat-sys-9cb020c72adfc025/out/build/CMakeFiles/CMakeScratch/TryCompile-fqMLPG'
Building C object CMakeFiles/cmTC_529c5.dir/CheckIncludeFile.c.o
/usr/bin/cc   -ffunction-sections -fdata-sections -fPIC -m64  -o CMakeFiles/cmTC_529c5.dir/CheckIncludeFile.c.o -c /home/doeringc/workspace/rust/vulkan-rt/renderer/target/debug/build/expat-sys-9cb020c72adfc025/out/build/CMakeFiles/CMakeScratch/TryCompile-fqMLPG/CheckIncludeFile.c
Linking C executable cmTC_529c5
/usr/bin/cmake -E cmake_link_script CMakeFiles/cmTC_529c5.dir/link.txt --verbose=1
/usr/bin/cc  -ffunction-sections -fdata-sections -fPIC -m64  -rdynamic CMakeFiles/cmTC_529c5.dir/CheckIncludeFile.c.o -o cmTC_529c5 
gmake[1]: Leaving directory '/home/doeringc/workspace/rust/vulkan-rt/renderer/target/debug/build/expat-sys-9cb020c72adfc025/out/build/CMakeFiles/CMakeScratch/TryCompile-fqMLPG'



Determining if the include file stdlib.h exists passed with the following output:
Change Dir: /home/doeringc/workspace/rust/vulkan-rt/renderer/target/debug/build/expat-sys-9cb020c72adfc025/out/build/CMakeFiles/CMakeScratch/TryCompile-jdU3Ox

Run Build Command(s):/usr/bin/gmake -f Makefile cmTC_229bb/fast && /usr/bin/gmake  -f CMakeFiles/cmTC_229bb.dir/build.make CMakeFiles/cmTC_229bb.dir/build
gmake[1]: Entering directory '/home/doeringc/workspace/rust/vulkan-rt/renderer/target/debug/build/expat-sys-9cb020c72adfc025/out/build/CMakeFiles/CMakeScratch/TryCompile-jdU3Ox'
Building C object CMakeFiles/cmTC_229bb.dir/CheckIncludeFile.c.o
/usr/bin/cc   -ffunction-sections -fdata-sections -fPIC -m64  -o CMakeFiles/cmTC_229bb.dir/CheckIncludeFile.c.o -c /home/doeringc/workspace/rust/vulkan-rt/renderer/target/debug/build/expat-sys-9cb020c72adfc025/out/build/CMakeFiles/CMakeScratch/TryCompile-jdU3Ox/CheckIncludeFile.c
Linking C executable cmTC_229bb
/usr/bin/cmake -E cmake_link_script CMakeFiles/cmTC_229bb.dir/link.txt --verbose=1
/usr/bin/cc  -ffunction-sections -fdata-sections -fPIC -m64  -rdynamic CMakeFiles/cmTC_229bb.dir/CheckIncludeFile.c.o -o cmTC_229bb 
gmake[1]: Leaving directory '/home/doeringc/workspace/rust/vulkan-rt/renderer/target/debug/build/expat-sys-9cb020c72adfc025/out/build/CMakeFiles/CMakeScratch/TryCompile-jdU3Ox'



Determining if the include file strings.h exists passed with the following output:
Change Dir: /home/doeringc/workspace/rust/vulkan-rt/renderer/target/debug/build/expat-sys-9cb020c72adfc025/out/build/CMakeFiles/CMakeScratch/TryCompile-3YV18p

Run Build Command(s):/usr/bin/gmake -f Makefile cmTC_0f7cb/fast && /usr/bin/gmake  -f CMakeFiles/cmTC_0f7cb.dir/build.make CMakeFiles/cmTC_0f7cb.dir/build
gmake[1]: Entering directory '/home/doeringc/workspace/rust/vulkan-rt/renderer/target/debug/build/expat-sys-9cb020c72adfc025/out/build/CMakeFiles/CMakeScratch/TryCompile-3YV18p'
Building C object CMakeFiles/cmTC_0f7cb.dir/CheckIncludeFile.c.o
/usr/bin/cc   -ffunction-sections -fdata-sections -fPIC -m64  -o CMakeFiles/cmTC_0f7cb.dir/CheckIncludeFile.c.o -c /home/doeringc/workspace/rust/vulkan-rt/renderer/target/debug/build/expat-sys-9cb020c72adfc025/out/build/CMakeFiles/CMakeScratch/TryCompile-3YV18p/CheckIncludeFile.c
Linking C executable cmTC_0f7cb
/usr/bin/cmake -E cmake_link_script CMakeFiles/cmTC_0f7cb.dir/link.txt --verbose=1
/usr/bin/cc  -ffunction-sections -fdata-sections -fPIC -m64  -rdynamic CMakeFiles/cmTC_0f7cb.dir/CheckIncludeFile.c.o -o cmTC_0f7cb 
gmake[1]: Leaving directory '/home/doeringc/workspace/rust/vulkan-rt/renderer/target/debug/build/expat-sys-9cb020c72adfc025/out/build/CMakeFiles/CMakeScratch/TryCompile-3YV18p'



Determining if the include file string.h exists passed with the following output:
Change Dir: /home/doeringc/workspace/rust/vulkan-rt/renderer/target/debug/build/expat-sys-9cb020c72adfc025/out/build/CMakeFiles/CMakeScratch/TryCompile-Nq3UQK

Run Build Command(s):/usr/bin/gmake -f Makefile cmTC_91f6d/fast && /usr/bin/gmake  -f CMakeFiles/cmTC_91f6d.dir/build.make CMakeFiles/cmTC_91f6d.dir/build
gmake[1]: Entering directory '/home/doeringc/workspace/rust/vulkan-rt/renderer/target/debug/build/expat-sys-9cb020c72adfc025/out/build/CMakeFiles/CMakeScratch/TryCompile-Nq3UQK'
Building C object CMakeFiles/cmTC_91f6d.dir/CheckIncludeFile.c.o
/usr/bin/cc   -ffunction-sections -fdata-sections -fPIC -m64  -o CMakeFiles/cmTC_91f6d.dir/CheckIncludeFile.c.o -c /home/doeringc/workspace/rust/vulkan-rt/renderer/target/debug/build/expat-sys-9cb020c72adfc025/out/build/CMakeFiles/CMakeScratch/TryCompile-Nq3UQK/CheckIncludeFile.c
Linking C executable cmTC_91f6d
/usr/bin/cmake -E cmake_link_script CMakeFiles/cmTC_91f6d.dir/link.txt --verbose=1
/usr/bin/cc  -ffunction-sections -fdata-sections -fPIC -m64  -rdynamic CMakeFiles/cmTC_91f6d.dir/CheckIncludeFile.c.o -o cmTC_91f6d 
gmake[1]: Leaving directory '/home/doeringc/workspace/rust/vulkan-rt/renderer/target/debug/build/expat-sys-9cb020c72adfc025/out/build/CMakeFiles/CMakeScratch/TryCompile-Nq3UQK'



Determining if the include file sys/stat.h exists passed with the following output:
Change Dir: /home/doeringc/workspace/rust/vulkan-rt/renderer/target/debug/build/expat-sys-9cb020c72adfc025/out/build/CMakeFiles/CMakeScratch/TryCompile-tbtAMz

Run Build Command(s):/usr/bin/gmake -f Makefile cmTC_883d4/fast && /usr/bin/gmake  -f CMakeFiles/cmTC_883d4.dir/build.make CMakeFiles/cmTC_883d4.dir/build
gmake[1]: Entering directory '/home/doeringc/workspace/rust/vulkan-rt/renderer/target/debug/build/expat-sys-9cb020c72adfc025/out/build/CMakeFiles/CMakeScratch/TryCompile-tbtAMz'
Building C object CMakeFiles/cmTC_883d4.dir/CheckIncludeFile.c.o
/usr/bin/cc   -ffunction-sections -fdata-sections -fPIC -m64  -o CMakeFiles/cmTC_883d4.dir/CheckIncludeFile.c.o -c /home/doeringc/workspace/rust/vulkan-rt/renderer/target/debug/build/expat-sys-9cb020c72adfc025/out/build/CMakeFiles/CMakeScratch/TryCompile-tbtAMz/CheckIncludeFile.c
Linking C executable cmTC_883d4
/usr/bin/cmake -E cmake_link_script CMakeFiles/cmTC_883d4.dir/link.txt --verbose=1
/usr/bin/cc  -ffunction-sections -fdata-sections -fPIC -m64  -rdynamic CMakeFiles/cmTC_883d4.dir/CheckIncludeFile.c.o -o cmTC_883d4 
gmake[1]: Leaving directory '/home/doeringc/workspace/rust/vulkan-rt/renderer/target/debug/build/expat-sys-9cb020c72adfc025/out/build/CMakeFiles/CMakeScratch/TryCompile-tbtAMz'



Determining if the include file sys/types.h exists passed with the following output:
Change Dir: /home/doeringc/workspace/rust/vulkan-rt/renderer/target/debug/build/expat-sys-9cb020c72adfc025/out/build/CMakeFiles/CMakeScratch/TryCompile-DXEKvp

Run Build Command(s):/usr/bin/gmake -f Makefile cmTC_51861/fast && /usr/bin/gmake  -f CMakeFiles/cmTC_51861.dir/build.make CMakeFiles/cmTC_51861.dir/build
gmake[1]: Entering directory '/home/doeringc/workspace/rust/vulkan-rt/renderer/target/debug/build/expat-sys-9cb020c72adfc025/out/build/CMakeFiles/CMakeScratch/TryCompile-DXEKvp'
Building C object CMakeFiles/cmTC_51861.dir/CheckIncludeFile.c.o
/usr/bin/cc   -ffunction-sections -fdata-sections -fPIC -m64  -o CMakeFiles/cmTC_51861.dir/CheckIncludeFile.c.o -c /home/doeringc/workspace/rust/vulkan-rt/renderer/target/debug/build/expat-sys-9cb020c72adfc025/out/build/CMakeFiles/CMakeScratch/TryCompile-DXEKvp/CheckIncludeFile.c
Linking C executable cmTC_51861
/usr/bin/cmake -E cmake_link_script CMakeFiles/cmTC_51861.dir/link.txt --verbose=1
/usr/bin/cc  -ffunction-sections -fdata-sections -fPIC -m64  -rdynamic CMakeFiles/cmTC_51861.dir/CheckIncludeFile.c.o -o cmTC_51861 
gmake[1]: Leaving directory '/home/doeringc/workspace/rust/vulkan-rt/renderer/target/debug/build/expat-sys-9cb020c72adfc025/out/build/CMakeFiles/CMakeScratch/TryCompile-DXEKvp'



Determining if the include file unistd.h exists passed with the following output:
Change Dir: /home/doeringc/workspace/rust/vulkan-rt/renderer/target/debug/build/expat-sys-9cb020c72adfc025/out/build/CMakeFiles/CMakeScratch/TryCompile-ttnU3z

Run Build Command(s):/usr/bin/gmake -f Makefile cmTC_ac9b3/fast && /usr/bin/gmake  -f CMakeFiles/cmTC_ac9b3.dir/build.make CMakeFiles/cmTC_ac9b3.dir/build
gmake[1]: Entering directory '/home/doeringc/workspace/rust/vulkan-rt/renderer/target/debug/build/expat-sys-9cb020c72adfc025/out/build/CMakeFiles/CMakeScratch/TryCompile-ttnU3z'
Building C object CMakeFiles/cmTC_ac9b3.dir/CheckIncludeFile.c.o
/usr/bin/cc   -ffunction-sections -fdata-sections -fPIC -m64  -o CMakeFiles/cmTC_ac9b3.dir/CheckIncludeFile.c.o -c /home/doeringc/workspace/rust/vulkan-rt/renderer/target/debug/build/expat-sys-9cb020c72adfc025/out/build/CMakeFiles/CMakeScratch/TryCompile-ttnU3z/CheckIncludeFile.c
Linking C executable cmTC_ac9b3
/usr/bin/cmake -E cmake_link_script CMakeFiles/cmTC_ac9b3.dir/link.txt --verbose=1
/usr/bin/cc  -ffunction-sections -fdata-sections -fPIC -m64  -rdynamic CMakeFiles/cmTC_ac9b3.dir/CheckIncludeFile.c.o -o cmTC_ac9b3 
gmake[1]: Leaving directory '/home/doeringc/workspace/rust/vulkan-rt/renderer/target/debug/build/expat-sys-9cb020c72adfc025/out/build/CMakeFiles/CMakeScratch/TryCompile-ttnU3z'



Determining if the function getpagesize exists passed with the following output:
Change Dir: /home/doeringc/workspace/rust/vulkan-rt/renderer/target/debug/build/expat-sys-9cb020c72adfc025/out/build/CMakeFiles/CMakeScratch/TryCompile-b9UOzL

Run Build Command(s):/usr/bin/gmake -f Makefile cmTC_cb320/fast && /usr/bin/gmake  -f CMakeFiles/cmTC_cb320.dir/build.make CMakeFiles/cmTC_cb320.dir/build
gmake[1]: Entering directory '/home/doeringc/workspace/rust/vulkan-rt/renderer/target/debug/build/expat-sys-9cb020c72adfc025/out/build/CMakeFiles/CMakeScratch/TryCompile-b9UOzL'
Building C object CMakeFiles/cmTC_cb320.dir/CheckFunctionExists.c.o
/usr/bin/cc   -ffunction-sections -fdata-sections -fPIC -m64 -DCHECK_FUNCTION_EXISTS=getpagesize -o CMakeFiles/cmTC_cb320.dir/CheckFunctionExists.c.o -c /home/doeringc/workspace/rust/vulkan-rt/renderer/target/debug/build/expat-sys-9cb020c72adfc025/out/build/CMakeFiles/CMakeScratch/TryCompile-b9UOzL/CheckFunctionExists.c
Linking C executable cmTC_cb320
/usr/bin/cmake -E cmake_link_script CMakeFiles/cmTC_cb320.dir/link.txt --verbose=1
/usr/bin/cc  -ffunction-sections -fdata-sections -fPIC -m64 -DCHECK_FUNCTION_EXISTS=getpagesize -rdynamic CMakeFiles/cmTC_cb320.dir/CheckFunctionExists.c.o -o cmTC_cb320 
gmake[1]: Leaving directory '/home/doeringc/workspace/rust/vulkan-rt/renderer/target/debug/build/expat-sys-9cb020c72adfc025/out/build/CMakeFiles/CMakeScratch/TryCompile-b9UOzL'



Determining if the function bcopy exists passed with the following output:
Change Dir: /home/doeringc/workspace/rust/vulkan-rt/renderer/target/debug/build/expat-sys-9cb020c72adfc025/out/build/CMakeFiles/CMakeScratch/TryCompile-t9XBSd

Run Build Command(s):/usr/bin/gmake -f Makefile cmTC_73d19/fast && /usr/bin/gmake  -f CMakeFiles/cmTC_73d19.dir/build.make CMakeFiles/cmTC_73d19.dir/build
gmake[1]: Entering directory '/home/doeringc/workspace/rust/vulkan-rt/renderer/target/debug/build/expat-sys-9cb020c72adfc025/out/build/CMakeFiles/CMakeScratch/TryCompile-t9XBSd'
Building C object CMakeFiles/cmTC_73d19.dir/CheckFunctionExists.c.o
/usr/bin/cc   -ffunction-sections -fdata-sections -fPIC -m64 -DCHECK_FUNCTION_EXISTS=bcopy -o CMakeFiles/cmTC_73d19.dir/CheckFunctionExists.c.o -c /home/doeringc/workspace/rust/vulkan-rt/renderer/target/debug/build/expat-sys-9cb020c72adfc025/out/build/CMakeFiles/CMakeScratch/TryCompile-t9XBSd/CheckFunctionExists.c
<command-line>: warning: conflicting types for built-in function bcopy; expected void(const void *, void *, long unsigned int) [-Wbuiltin-declaration-mismatch]
/home/doeringc/workspace/rust/vulkan-rt/renderer/target/debug/build/expat-sys-9cb020c72adfc025/out/build/CMakeFiles/CMakeScratch/TryCompile-t9XBSd/CheckFunctionExists.c:7:3: note: in expansion of macro CHECK_FUNCTION_EXISTS
    7 |   CHECK_FUNCTION_EXISTS(void);
      |   ^~~~~~~~~~~~~~~~~~~~~
Linking C executable cmTC_73d19
/usr/bin/cmake -E cmake_link_script CMakeFiles/cmTC_73d19.dir/link.txt --verbose=1
/usr/bin/cc  -ffunction-sections -fdata-sections -fPIC -m64 -DCHECK_FUNCTION_EXISTS=bcopy -rdynamic CMakeFiles/cmTC_73d19.dir/CheckFunctionExists.c.o -o cmTC_73d19 
gmake[1]: Leaving directory '/home/doeringc/workspace/rust/vulkan-rt/renderer/target/debug/build/expat-sys-9cb020c72adfc025/out/build/CMakeFiles/CMakeScratch/TryCompile-t9XBSd'



Determining if the memmove exist passed with the following output:
Change Dir: /home/doeringc/workspace/rust/vulkan-rt/renderer/target/debug/build/expat-sys-9cb020c72adfc025/out/build/CMakeFiles/CMakeScratch/TryCompile-MQEtMF

Run Build Command(s):/usr/bin/gmake -f Makefile cmTC_ca578/fast && /usr/bin/gmake  -f CMakeFiles/cmTC_ca578.dir/build.make CMakeFiles/cmTC_ca578.dir/build
gmake[1]: Entering directory '/home/doeringc/workspace/rust/vulkan-rt/renderer/target/debug/build/expat-sys-9cb020c72adfc025/out/build/CMakeFiles/CMakeScratch/TryCompile-MQEtMF'
Building C object CMakeFiles/cmTC_ca578.dir/CheckSymbolExists.c.o
/usr/bin/cc   -ffunction-sections -fdata-sections -fPIC -m64  -o CMakeFiles/cmTC_ca578.dir/CheckSymbolExists.c.o -c /home/doeringc/workspace/rust/vulkan-rt/renderer/target/debug/build/expat-sys-9cb020c72adfc025/out/build/CMakeFiles/CMakeScratch/TryCompile-MQEtMF/CheckSymbolExists.c
Linking C executable cmTC_ca578
/usr/bin/cmake -E cmake_link_script CMakeFiles/cmTC_ca578.dir/link.txt --verbose=1
/usr/bin/cc  -ffunction-sections -fdata-sections -fPIC -m64  -rdynamic CMakeFiles/cmTC_ca578.dir/CheckSymbolExists.c.o -o cmTC_ca578 
gmake[1]: Leaving directory '/home/doeringc/workspace/rust/vulkan-rt/renderer/target/debug/build/expat-sys-9cb020c72adfc025/out/build/CMakeFiles/CMakeScratch/TryCompile-MQEtMF'


File CheckSymbolExists.c:
/* */
#include <string.h>

int main(int argc, char** argv)
{
  (void)argv;
#ifndef memmove
  return ((int*)(&memmove))[argc];
#else
  (void)argc;
  return 0;
#endif
}

Determining if the function mmap exists passed with the following output:
Change Dir: /home/doeringc/workspace/rust/vulkan-rt/renderer/target/debug/build/expat-sys-9cb020c72adfc025/out/build/CMakeFiles/CMakeScratch/TryCompile-tphUJg

Run Build Command(s):/usr/bin/gmake -f Makefile cmTC_185ea/fast && /usr/bin/gmake  -f CMakeFiles/cmTC_185ea.dir/build.make CMakeFiles/cmTC_185ea.dir/build
gmake[1]: Entering directory '/home/doeringc/workspace/rust/vulkan-rt/renderer/target/debug/build/expat-sys-9cb020c72adfc025/out/build/CMakeFiles/CMakeScratch/TryCompile-tphUJg'
Building C object CMakeFiles/cmTC_185ea.dir/CheckFunctionExists.c.o
/usr/bin/cc   -ffunction-sections -fdata-sections -fPIC -m64 -DCHECK_FUNCTION_EXISTS=mmap -o CMakeFiles/cmTC_185ea.dir/CheckFunctionExists.c.o -c /home/doeringc/workspace/rust/vulkan-rt/renderer/target/debug/build/expat-sys-9cb020c72adfc025/out/build/CMakeFiles/CMakeScratch/TryCompile-tphUJg/CheckFunctionExists.c
Linking C executable cmTC_185ea
/usr/bin/cmake -E cmake_link_script CMakeFiles/cmTC_185ea.dir/link.txt --verbose=1
/usr/bin/cc  -ffunction-sections -fdata-sections -fPIC -m64 -DCHECK_FUNCTION_EXISTS=mmap -rdynamic CMakeFiles/cmTC_185ea.dir/CheckFunctionExists.c.o -o cmTC_185ea 
gmake[1]: Leaving directory '/home/doeringc/workspace/rust/vulkan-rt/renderer/target/debug/build/expat-sys-9cb020c72adfc025/out/build/CMakeFiles/CMakeScratch/TryCompile-tphUJg'



Determining if files stdlib.h;stdarg.h;string.h;float.h exist passed with the following output:
Change Dir: /home/doeringc/workspace/rust/vulkan-rt/renderer/target/debug/build/expat-sys-9cb020c72adfc025/out/build/CMakeFiles/CMakeScratch/TryCompile-XxwUCT

Run Build Command(s):/usr/bin/gmake -f Makefile cmTC_d91d1/fast && /usr/bin/gmake  -f CMakeFiles/cmTC_d91d1.dir/build.make CMakeFiles/cmTC_d91d1.dir/build
gmake[1]: Entering directory '/home/doeringc/workspace/rust/vulkan-rt/renderer/target/debug/build/expat-sys-9cb020c72adfc025/out/build/CMakeFiles/CMakeScratch/TryCompile-XxwUCT'
Building C object CMakeFiles/cmTC_d91d1.dir/STDC_HEADERS.c.o
/usr/bin/cc   -ffunction-sections -fdata-sections -fPIC -m64  -o CMakeFiles/cmTC_d91d1.dir/STDC_HEADERS.c.o -c /home/doeringc/workspace/rust/vulkan-rt/renderer/target/debug/build/expat-sys-9cb020c72adfc025/out/build/CMakeFiles/CMakeScratch/TryCompile-XxwUCT/STDC_HEADERS.c
Linking C executable cmTC_d91d1
/usr/bin/cmake -E cmake_link_script CMakeFiles/cmTC_d91d1.dir/link.txt --verbose=1
/usr/bin/cc  -ffunction-sections -fdata-sections -fPIC -m64  -rdynamic CMakeFiles/cmTC_d91d1.dir/STDC_HEADERS.c.o -o cmTC_d91d1 
gmake[1]: Leaving directory '/home/doeringc/workspace/rust/vulkan-rt/renderer/target/debug/build/expat-sys-9cb020c72adfc025/out/build/CMakeFiles/CMakeScratch/TryCompile-XxwUCT'



